  [1m[35m (209.0ms)[0m  [1m[35mCREATE DATABASE "backend_development" ENCODING = 'unicode'[0m
  [1m[35m (82.8ms)[0m  [1m[35mCREATE DATABASE "backend_test" ENCODING = 'unicode'[0m
  [1m[35m (9.4ms)[0m  [1m[35mCREATE TABLE "schema_migrations" ("version" character varying NOT NULL PRIMARY KEY)[0m
  [1m[35m (3.5ms)[0m  [1m[35mCREATE TABLE "ar_internal_metadata" ("key" character varying NOT NULL PRIMARY KEY, "value" character varying, "created_at" timestamp(6) NOT NULL, "updated_at" timestamp(6) NOT NULL)[0m
  [1m[35m (0.3ms)[0m  [1m[34mSELECT pg_try_advisory_lock(5073945470573576205)[0m
  [1m[36mActiveRecord::SchemaMigration Load (1.1ms)[0m  [1m[34mSELECT "schema_migrations"."version" FROM "schema_migrations" ORDER BY "schema_migrations"."version" ASC[0m
  [1m[36mActiveRecord::InternalMetadata Load (1.3ms)[0m  [1m[34mSELECT * FROM "ar_internal_metadata" WHERE "ar_internal_metadata"."key" = $1 ORDER BY "ar_internal_metadata"."key" ASC LIMIT 1[0m  [[nil, "environment"]]
  [1m[36mActiveRecord::InternalMetadata Create (0.7ms)[0m  [1m[32mINSERT INTO "ar_internal_metadata" ("key", "value", "created_at", "updated_at") VALUES ('environment', 'development', '2025-10-26 13:56:39.681753', '2025-10-26 13:56:39.681754') RETURNING "key"[0m
Migrating to CreateUsers (20251026135606)
  [1m[36mTRANSACTION (0.1ms)[0m  [1m[35mBEGIN[0m
  [1m[35m (7.0ms)[0m  [1m[35mCREATE TABLE "users" ("id" bigserial primary key, "email" character varying, "password_digest" character varying, "role" integer DEFAULT 0, "created_at" timestamp(6) NOT NULL, "updated_at" timestamp(6) NOT NULL)[0m
  [1m[35m (2.0ms)[0m  [1m[35mCREATE UNIQUE INDEX "index_users_on_email" ON "users" ("email")[0m
  [1m[36mActiveRecord::SchemaMigration Create (0.4ms)[0m  [1m[32mINSERT INTO "schema_migrations" ("version") VALUES ('20251026135606') RETURNING "version"[0m
  [1m[36mTRANSACTION (0.2ms)[0m  [1m[35mCOMMIT[0m
Migrating to CreateVideos (20251026135616)
  [1m[36mTRANSACTION (0.8ms)[0m  [1m[35mBEGIN[0m
  [1m[35m (7.1ms)[0m  [1m[35mCREATE TABLE "videos" ("id" bigserial primary key, "title" character varying, "description" text, "video_url" character varying, "thumbnail_url" character varying, "user_id" bigint NOT NULL, "created_at" timestamp(6) NOT NULL, "updated_at" timestamp(6) NOT NULL, CONSTRAINT "fk_rails_ba925d1105"
FOREIGN KEY ("user_id")
  REFERENCES "users" ("id")
)[0m
  [1m[35m (1.1ms)[0m  [1m[35mCREATE INDEX "index_videos_on_user_id" ON "videos" ("user_id")[0m
  [1m[36mActiveRecord::SchemaMigration Create (0.1ms)[0m  [1m[32mINSERT INTO "schema_migrations" ("version") VALUES ('20251026135616') RETURNING "version"[0m
  [1m[36mTRANSACTION (0.3ms)[0m  [1m[35mCOMMIT[0m
  [1m[35m (0.7ms)[0m  [1m[34mSELECT pg_advisory_unlock(5073945470573576205)[0m
  [1m[36mActiveRecord::SchemaMigration Load (0.1ms)[0m  [1m[34mSELECT "schema_migrations"."version" FROM "schema_migrations" ORDER BY "schema_migrations"."version" ASC[0m
  [1m[36mActiveRecord::SchemaMigration Load (0.5ms)[0m  [1m[34mSELECT "schema_migrations"."version" FROM "schema_migrations" ORDER BY "schema_migrations"."version" ASC[0m
DEPRECATION WARNING: Defining enums with keyword arguments is deprecated and will be removed
in Rails 8.0. Positional arguments should be used instead:

enum :role, {:guest=>0, :admin=>1}
 (called from <class:User> at /Users/moritatomoki/workspace/video_introduction_app/backend/app/models/user.rb:4)
  [1m[36mUser Load (0.6ms)[0m  [1m[34mSELECT "users".* FROM "users" WHERE "users"."email" = $1 LIMIT $2[0m  [["email", "[FILTERED]"], ["LIMIT", 1]]
  [1m[36mTRANSACTION (0.0ms)[0m  [1m[35mBEGIN[0m
  [1m[36mUser Exists? (0.3ms)[0m  [1m[34mSELECT 1 AS one FROM "users" WHERE "users"."email" = $1 LIMIT $2[0m  [["email", "[FILTERED]"], ["LIMIT", 1]]
  [1m[36mUser Create (1.0ms)[0m  [1m[32mINSERT INTO "users" ("email", "password_digest", "role", "created_at", "updated_at") VALUES ($1, $2, $3, $4, $5) RETURNING "id"[0m  [["email", "[FILTERED]"], ["password_digest", "[FILTERED]"], ["role", 1], ["created_at", "2025-10-26 13:57:10.790499"], ["updated_at", "2025-10-26 13:57:10.790499"]]
  [1m[36mTRANSACTION (0.7ms)[0m  [1m[35mCOMMIT[0m
  [1m[36mVideo Count (1.4ms)[0m  [1m[34mSELECT COUNT(*) FROM "videos" WHERE "videos"."user_id" = $1[0m  [["user_id", 1]]
  [1m[36mTRANSACTION (0.1ms)[0m  [1m[35mBEGIN[0m
  [1m[36mVideo Create (2.1ms)[0m  [1m[32mINSERT INTO "videos" ("title", "description", "video_url", "thumbnail_url", "user_id", "created_at", "updated_at") VALUES ($1, $2, $3, $4, $5, $6, $7) RETURNING "id"[0m  [["title", "Sample Video 1"], ["description", "This is a sample video description 1"], ["video_url", "https://www.w3schools.com/html/mov_bbb.mp4"], ["thumbnail_url", "https://via.placeholder.com/640x360"], ["user_id", 1], ["created_at", "2025-10-26 13:57:10.810909"], ["updated_at", "2025-10-26 13:57:10.810909"]]
  [1m[36mTRANSACTION (0.2ms)[0m  [1m[35mCOMMIT[0m
  [1m[36mTRANSACTION (0.1ms)[0m  [1m[35mBEGIN[0m
  [1m[36mVideo Create (0.7ms)[0m  [1m[32mINSERT INTO "videos" ("title", "description", "video_url", "thumbnail_url", "user_id", "created_at", "updated_at") VALUES ($1, $2, $3, $4, $5, $6, $7) RETURNING "id"[0m  [["title", "Sample Video 2"], ["description", "This is a sample video description 2"], ["video_url", "https://www.w3schools.com/html/mov_bbb.mp4"], ["thumbnail_url", "https://via.placeholder.com/640x360"], ["user_id", 1], ["created_at", "2025-10-26 13:57:10.818631"], ["updated_at", "2025-10-26 13:57:10.818631"]]
  [1m[36mTRANSACTION (0.2ms)[0m  [1m[35mCOMMIT[0m
  [1m[36mTRANSACTION (0.1ms)[0m  [1m[35mBEGIN[0m
  [1m[36mVideo Create (1.1ms)[0m  [1m[32mINSERT INTO "videos" ("title", "description", "video_url", "thumbnail_url", "user_id", "created_at", "updated_at") VALUES ($1, $2, $3, $4, $5, $6, $7) RETURNING "id"[0m  [["title", "Sample Video 3"], ["description", "This is a sample video description 3"], ["video_url", "https://www.w3schools.com/html/mov_bbb.mp4"], ["thumbnail_url", "https://via.placeholder.com/640x360"], ["user_id", 1], ["created_at", "2025-10-26 13:57:10.820197"], ["updated_at", "2025-10-26 13:57:10.820197"]]
  [1m[36mTRANSACTION (0.2ms)[0m  [1m[35mCOMMIT[0m
  [1m[36mTRANSACTION (0.1ms)[0m  [1m[35mBEGIN[0m
  [1m[36mVideo Create (1.0ms)[0m  [1m[32mINSERT INTO "videos" ("title", "description", "video_url", "thumbnail_url", "user_id", "created_at", "updated_at") VALUES ($1, $2, $3, $4, $5, $6, $7) RETURNING "id"[0m  [["title", "Sample Video 4"], ["description", "This is a sample video description 4"], ["video_url", "https://www.w3schools.com/html/mov_bbb.mp4"], ["thumbnail_url", "https://via.placeholder.com/640x360"], ["user_id", 1], ["created_at", "2025-10-26 13:57:10.822504"], ["updated_at", "2025-10-26 13:57:10.822504"]]
  [1m[36mTRANSACTION (0.2ms)[0m  [1m[35mCOMMIT[0m
  [1m[36mTRANSACTION (0.0ms)[0m  [1m[35mBEGIN[0m
  [1m[36mVideo Create (0.8ms)[0m  [1m[32mINSERT INTO "videos" ("title", "description", "video_url", "thumbnail_url", "user_id", "created_at", "updated_at") VALUES ($1, $2, $3, $4, $5, $6, $7) RETURNING "id"[0m  [["title", "Sample Video 5"], ["description", "This is a sample video description 5"], ["video_url", "https://www.w3schools.com/html/mov_bbb.mp4"], ["thumbnail_url", "https://via.placeholder.com/640x360"], ["user_id", 1], ["created_at", "2025-10-26 13:57:10.824612"], ["updated_at", "2025-10-26 13:57:10.824612"]]
  [1m[36mTRANSACTION (0.2ms)[0m  [1m[35mCOMMIT[0m
  [1m[35m (17.5ms)[0m  [1m[35mCREATE DATABASE "backend_development" ENCODING = 'unicode'[0m
  [1m[35m (8.9ms)[0m  [1m[35mCREATE DATABASE "backend_test" ENCODING = 'unicode'[0m
  [1m[35m (0.1ms)[0m  [1m[34mSELECT pg_try_advisory_lock(5073945470573576205)[0m
  [1m[36mActiveRecord::SchemaMigration Load (0.7ms)[0m  [1m[34mSELECT "schema_migrations"."version" FROM "schema_migrations" ORDER BY "schema_migrations"."version" ASC[0m
  [1m[36mActiveRecord::InternalMetadata Load (0.6ms)[0m  [1m[34mSELECT * FROM "ar_internal_metadata" WHERE "ar_internal_metadata"."key" = $1 ORDER BY "ar_internal_metadata"."key" ASC LIMIT 1[0m  [[nil, "environment"]]
  [1m[35m (0.1ms)[0m  [1m[34mSELECT pg_advisory_unlock(5073945470573576205)[0m
  [1m[36mActiveRecord::SchemaMigration Load (0.1ms)[0m  [1m[34mSELECT "schema_migrations"."version" FROM "schema_migrations" ORDER BY "schema_migrations"."version" ASC[0m
  [1m[36mActiveRecord::SchemaMigration Load (0.1ms)[0m  [1m[34mSELECT "schema_migrations"."version" FROM "schema_migrations" ORDER BY "schema_migrations"."version" ASC[0m
DEPRECATION WARNING: Defining enums with keyword arguments is deprecated and will be removed
in Rails 8.0. Positional arguments should be used instead:

enum :role, {:guest=>0, :admin=>1}
 (called from <class:User> at /Users/moritatomoki/workspace/video_introduction_app/backend/app/models/user.rb:4)
  [1m[36mUser Load (0.4ms)[0m  [1m[34mSELECT "users".* FROM "users" WHERE "users"."email" = $1 LIMIT $2[0m  [["email", "[FILTERED]"], ["LIMIT", 1]]
  [1m[36mVideo Count (0.6ms)[0m  [1m[34mSELECT COUNT(*) FROM "videos" WHERE "videos"."user_id" = $1[0m  [["user_id", 1]]
Started GET "/api/v1/videos" for ::1 at 2025-10-26 23:04:53 +0900
  [1m[36mActiveRecord::SchemaMigration Load (0.8ms)[0m  [1m[34mSELECT "schema_migrations"."version" FROM "schema_migrations" ORDER BY "schema_migrations"."version" ASC[0m
Processing by Api::V1::VideosController#index as */*
  Parameters: {"video"=>{}}
  [1m[36mVideo Load (34.9ms)[0m  [1m[34mSELECT "videos".* FROM "videos" ORDER BY "videos"."created_at" DESC[0m
  ↳ app/controllers/api/v1/videos_controller.rb:9:in `index'
DEPRECATION WARNING: Defining enums with keyword arguments is deprecated and will be removed
in Rails 8.0. Positional arguments should be used instead:

enum :role, {:guest=>0, :admin=>1}
 (called from <class:User> at /Users/moritatomoki/workspace/video_introduction_app/backend/app/models/user.rb:4)
  [1m[36mUser Load (0.3ms)[0m  [1m[34mSELECT "users".* FROM "users" WHERE "users"."id" = $1[0m  [["id", 1]]
  ↳ app/controllers/api/v1/videos_controller.rb:9:in `index'
Completed 200 OK in 63ms (Views: 0.4ms | ActiveRecord: 90.5ms (2 queries, 0 cached) | GC: 4.7ms)


Started GET "/api/v1/videos/5" for ::1 at 2025-10-26 23:05:08 +0900
Processing by Api::V1::VideosController#show as */*
  Parameters: {"id"=>"5", "video"=>{}}
  [1m[36mVideo Load (0.2ms)[0m  [1m[34mSELECT "videos".* FROM "videos" WHERE "videos"."id" = $1 LIMIT $2[0m  [["id", 5], ["LIMIT", 1]]
  ↳ app/controllers/api/v1/videos_controller.rb:43:in `set_video'
  [1m[36mUser Load (0.1ms)[0m  [1m[34mSELECT "users".* FROM "users" WHERE "users"."id" = $1 LIMIT $2[0m  [["id", 1], ["LIMIT", 1]]
  ↳ app/controllers/api/v1/videos_controller.rb:13:in `show'
Completed 200 OK in 4ms (Views: 0.1ms | ActiveRecord: 0.3ms (2 queries, 0 cached) | GC: 0.3ms)


Started GET "/api/v1/videos/5" for ::1 at 2025-10-26 23:05:08 +0900
Processing by Api::V1::VideosController#show as */*
  Parameters: {"id"=>"5", "video"=>{}}
  [1m[36mVideo Load (0.1ms)[0m  [1m[34mSELECT "videos".* FROM "videos" WHERE "videos"."id" = $1 LIMIT $2[0m  [["id", 5], ["LIMIT", 1]]
  ↳ app/controllers/api/v1/videos_controller.rb:43:in `set_video'
  [1m[36mUser Load (0.1ms)[0m  [1m[34mSELECT "users".* FROM "users" WHERE "users"."id" = $1 LIMIT $2[0m  [["id", 1], ["LIMIT", 1]]
  ↳ app/controllers/api/v1/videos_controller.rb:13:in `show'
Completed 200 OK in 1ms (Views: 0.0ms | ActiveRecord: 0.2ms (2 queries, 0 cached) | GC: 0.1ms)


Started GET "/api/v1/videos" for ::1 at 2025-10-26 23:05:46 +0900
Processing by Api::V1::VideosController#index as */*
  Parameters: {"video"=>{}}
  [1m[36mVideo Load (0.4ms)[0m  [1m[34mSELECT "videos".* FROM "videos" ORDER BY "videos"."created_at" DESC[0m
  ↳ app/controllers/api/v1/videos_controller.rb:9:in `index'
  [1m[36mUser Load (0.1ms)[0m  [1m[34mSELECT "users".* FROM "users" WHERE "users"."id" = $1[0m  [["id", 1]]
  ↳ app/controllers/api/v1/videos_controller.rb:9:in `index'
Completed 200 OK in 10ms (Views: 1.4ms | ActiveRecord: 0.5ms (2 queries, 0 cached) | GC: 0.3ms)


Started GET "/api/v1/videos" for ::1 at 2025-10-26 23:05:46 +0900
Processing by Api::V1::VideosController#index as */*
  Parameters: {"video"=>{}}
  [1m[36mVideo Load (0.4ms)[0m  [1m[34mSELECT "videos".* FROM "videos" ORDER BY "videos"."created_at" DESC[0m
  ↳ app/controllers/api/v1/videos_controller.rb:9:in `index'
  [1m[36mUser Load (0.1ms)[0m  [1m[34mSELECT "users".* FROM "users" WHERE "users"."id" = $1[0m  [["id", 1]]
  ↳ app/controllers/api/v1/videos_controller.rb:9:in `index'
Completed 200 OK in 2ms (Views: 0.1ms | ActiveRecord: 0.4ms (2 queries, 0 cached) | GC: 0.1ms)


Started GET "/api/v1/videos/4" for ::1 at 2025-10-26 23:06:16 +0900
Processing by Api::V1::VideosController#show as */*
  Parameters: {"id"=>"4", "video"=>{}}
  [1m[36mVideo Load (0.4ms)[0m  [1m[34mSELECT "videos".* FROM "videos" WHERE "videos"."id" = $1 LIMIT $2[0m  [["id", 4], ["LIMIT", 1]]
  ↳ app/controllers/api/v1/videos_controller.rb:43:in `set_video'
  [1m[36mUser Load (0.1ms)[0m  [1m[34mSELECT "users".* FROM "users" WHERE "users"."id" = $1 LIMIT $2[0m  [["id", 1], ["LIMIT", 1]]
  ↳ app/controllers/api/v1/videos_controller.rb:13:in `show'
Completed 200 OK in 3ms (Views: 0.1ms | ActiveRecord: 0.5ms (2 queries, 0 cached) | GC: 0.0ms)


Started GET "/api/v1/videos/4" for ::1 at 2025-10-26 23:06:16 +0900
Processing by Api::V1::VideosController#show as */*
  Parameters: {"id"=>"4", "video"=>{}}
  [1m[36mVideo Load (0.1ms)[0m  [1m[34mSELECT "videos".* FROM "videos" WHERE "videos"."id" = $1 LIMIT $2[0m  [["id", 4], ["LIMIT", 1]]
  ↳ app/controllers/api/v1/videos_controller.rb:43:in `set_video'
  [1m[36mUser Load (0.1ms)[0m  [1m[34mSELECT "users".* FROM "users" WHERE "users"."id" = $1 LIMIT $2[0m  [["id", 1], ["LIMIT", 1]]
  ↳ app/controllers/api/v1/videos_controller.rb:13:in `show'
Completed 200 OK in 1ms (Views: 0.0ms | ActiveRecord: 0.2ms (2 queries, 0 cached) | GC: 0.0ms)


Started GET "/api/v1/videos" for ::1 at 2025-10-26 23:06:19 +0900
Processing by Api::V1::VideosController#index as */*
  Parameters: {"video"=>{}}
  [1m[36mVideo Load (0.4ms)[0m  [1m[34mSELECT "videos".* FROM "videos" ORDER BY "videos"."created_at" DESC[0m
  ↳ app/controllers/api/v1/videos_controller.rb:9:in `index'
  [1m[36mUser Load (0.2ms)[0m  [1m[34mSELECT "users".* FROM "users" WHERE "users"."id" = $1[0m  [["id", 1]]
  ↳ app/controllers/api/v1/videos_controller.rb:9:in `index'
Completed 200 OK in 4ms (Views: 0.2ms | ActiveRecord: 0.6ms (2 queries, 0 cached) | GC: 0.0ms)


Started GET "/api/v1/videos" for ::1 at 2025-10-26 23:06:19 +0900
Processing by Api::V1::VideosController#index as */*
  Parameters: {"video"=>{}}
  [1m[36mVideo Load (0.3ms)[0m  [1m[34mSELECT "videos".* FROM "videos" ORDER BY "videos"."created_at" DESC[0m
  ↳ app/controllers/api/v1/videos_controller.rb:9:in `index'
  [1m[36mUser Load (0.3ms)[0m  [1m[34mSELECT "users".* FROM "users" WHERE "users"."id" = $1[0m  [["id", 1]]
  ↳ app/controllers/api/v1/videos_controller.rb:9:in `index'
Completed 200 OK in 5ms (Views: 0.1ms | ActiveRecord: 0.6ms (2 queries, 0 cached) | GC: 0.0ms)


Started POST "/api/v1/auth/login" for ::1 at 2025-10-26 23:08:11 +0900
Processing by Api::V1::AuthController#login as */*
  Parameters: {"email"=>"[FILTERED]", "password"=>"[FILTERED]", "auth"=>{"email"=>"[FILTERED]", "password"=>"[FILTERED]"}}
  [1m[36mUser Load (0.4ms)[0m  [1m[34mSELECT "users".* FROM "users" WHERE "users"."email" = $1 LIMIT $2[0m  [["email", "[FILTERED]"], ["LIMIT", 1]]
  ↳ app/controllers/api/v1/auth_controller.rb:5:in `login'
Completed 200 OK in 197ms (Views: 0.2ms | ActiveRecord: 0.4ms (1 query, 0 cached) | GC: 0.0ms)


Started GET "/api/v1/videos" for ::1 at 2025-10-26 23:08:12 +0900
Processing by Api::V1::VideosController#index as */*
  Parameters: {"video"=>{}}
  [1m[36mVideo Load (0.3ms)[0m  [1m[34mSELECT "videos".* FROM "videos" ORDER BY "videos"."created_at" DESC[0m
  ↳ app/controllers/api/v1/videos_controller.rb:9:in `index'
  [1m[36mUser Load (0.1ms)[0m  [1m[34mSELECT "users".* FROM "users" WHERE "users"."id" = $1[0m  [["id", 1]]
  ↳ app/controllers/api/v1/videos_controller.rb:9:in `index'
Completed 200 OK in 2ms (Views: 0.1ms | ActiveRecord: 0.4ms (2 queries, 0 cached) | GC: 0.0ms)


Started GET "/api/v1/videos" for ::1 at 2025-10-26 23:08:12 +0900
Processing by Api::V1::VideosController#index as */*
  Parameters: {"video"=>{}}
  [1m[36mVideo Load (0.2ms)[0m  [1m[34mSELECT "videos".* FROM "videos" ORDER BY "videos"."created_at" DESC[0m
  ↳ app/controllers/api/v1/videos_controller.rb:9:in `index'
  [1m[36mUser Load (0.1ms)[0m  [1m[34mSELECT "users".* FROM "users" WHERE "users"."id" = $1[0m  [["id", 1]]
  ↳ app/controllers/api/v1/videos_controller.rb:9:in `index'
Completed 200 OK in 2ms (Views: 0.1ms | ActiveRecord: 0.3ms (2 queries, 0 cached) | GC: 0.3ms)


Started GET "/api/v1/videos" for ::1 at 2025-10-26 23:08:33 +0900
Processing by Api::V1::VideosController#index as */*
  Parameters: {"video"=>{}}
  [1m[36mVideo Load (0.3ms)[0m  [1m[34mSELECT "videos".* FROM "videos" ORDER BY "videos"."created_at" DESC[0m
  ↳ app/controllers/api/v1/videos_controller.rb:9:in `index'
  [1m[36mUser Load (0.1ms)[0m  [1m[34mSELECT "users".* FROM "users" WHERE "users"."id" = $1[0m  [["id", 1]]
  ↳ app/controllers/api/v1/videos_controller.rb:9:in `index'
Completed 200 OK in 3ms (Views: 0.1ms | ActiveRecord: 0.4ms (2 queries, 0 cached) | GC: 0.0ms)


Started GET "/api/v1/videos" for ::1 at 2025-10-26 23:08:33 +0900
Processing by Api::V1::VideosController#index as */*
  Parameters: {"video"=>{}}
  [1m[36mVideo Load (0.2ms)[0m  [1m[34mSELECT "videos".* FROM "videos" ORDER BY "videos"."created_at" DESC[0m
  ↳ app/controllers/api/v1/videos_controller.rb:9:in `index'
  [1m[36mUser Load (0.1ms)[0m  [1m[34mSELECT "users".* FROM "users" WHERE "users"."id" = $1[0m  [["id", 1]]
  ↳ app/controllers/api/v1/videos_controller.rb:9:in `index'
Completed 200 OK in 2ms (Views: 0.1ms | ActiveRecord: 0.3ms (2 queries, 0 cached) | GC: 0.2ms)


Started GET "/api/v1/videos" for ::1 at 2025-10-27 21:49:27 +0900
Processing by Api::V1::VideosController#index as */*
  Parameters: {"video"=>{}}
  [1m[36mVideo Load (21.8ms)[0m  [1m[34mSELECT "videos".* FROM "videos" ORDER BY "videos"."created_at" DESC[0m
  ↳ app/controllers/api/v1/videos_controller.rb:9:in `index'
  [1m[36mUser Load (2.7ms)[0m  [1m[34mSELECT "users".* FROM "users" WHERE "users"."id" = $1[0m  [["id", 1]]
  ↳ app/controllers/api/v1/videos_controller.rb:9:in `index'
Completed 200 OK in 31ms (Views: 0.1ms | ActiveRecord: 33.1ms (2 queries, 0 cached) | GC: 0.0ms)


Started POST "/api/v1/auth/login" for ::1 at 2025-10-27 21:51:05 +0900
Processing by Api::V1::AuthController#login as */*
  Parameters: {"email"=>"[FILTERED]", "password"=>"[FILTERED]", "auth"=>{"email"=>"[FILTERED]", "password"=>"[FILTERED]"}}
  [1m[36mUser Load (0.3ms)[0m  [1m[34mSELECT "users".* FROM "users" WHERE "users"."email" = $1 LIMIT $2[0m  [["email", "[FILTERED]"], ["LIMIT", 1]]
  ↳ app/controllers/api/v1/auth_controller.rb:5:in `login'
Completed 200 OK in 204ms (Views: 0.2ms | ActiveRecord: 0.3ms (1 query, 0 cached) | GC: 0.0ms)


Started GET "/api/v1/videos" for ::1 at 2025-10-27 21:51:05 +0900
Processing by Api::V1::VideosController#index as */*
  Parameters: {"video"=>{}}
  [1m[36mVideo Load (0.3ms)[0m  [1m[34mSELECT "videos".* FROM "videos" ORDER BY "videos"."created_at" DESC[0m
  ↳ app/controllers/api/v1/videos_controller.rb:9:in `index'
  [1m[36mUser Load (0.2ms)[0m  [1m[34mSELECT "users".* FROM "users" WHERE "users"."id" = $1[0m  [["id", 1]]
  ↳ app/controllers/api/v1/videos_controller.rb:9:in `index'
Completed 200 OK in 8ms (Views: 0.1ms | ActiveRecord: 0.5ms (2 queries, 0 cached) | GC: 0.0ms)


Started GET "/api/v1/videos" for ::1 at 2025-10-27 21:51:05 +0900
Processing by Api::V1::VideosController#index as */*
  Parameters: {"video"=>{}}
  [1m[36mVideo Load (0.2ms)[0m  [1m[34mSELECT "videos".* FROM "videos" ORDER BY "videos"."created_at" DESC[0m
  ↳ app/controllers/api/v1/videos_controller.rb:9:in `index'
  [1m[36mUser Load (0.1ms)[0m  [1m[34mSELECT "users".* FROM "users" WHERE "users"."id" = $1[0m  [["id", 1]]
  ↳ app/controllers/api/v1/videos_controller.rb:9:in `index'
Completed 200 OK in 2ms (Views: 0.1ms | ActiveRecord: 0.4ms (2 queries, 0 cached) | GC: 0.0ms)


Started GET "/api/v1/videos" for ::1 at 2025-10-27 21:52:27 +0900
Processing by Api::V1::VideosController#index as */*
  Parameters: {"video"=>{}}
  [1m[36mVideo Load (1.0ms)[0m  [1m[34mSELECT "videos".* FROM "videos" ORDER BY "videos"."created_at" DESC[0m
  ↳ app/controllers/api/v1/videos_controller.rb:9:in `index'
  [1m[36mUser Load (0.2ms)[0m  [1m[34mSELECT "users".* FROM "users" WHERE "users"."id" = $1[0m  [["id", 1]]
  ↳ app/controllers/api/v1/videos_controller.rb:9:in `index'
Completed 200 OK in 4ms (Views: 0.1ms | ActiveRecord: 1.2ms (2 queries, 0 cached) | GC: 0.0ms)


Started GET "/api/v1/videos" for ::1 at 2025-10-27 21:52:27 +0900
Processing by Api::V1::VideosController#index as */*
  Parameters: {"video"=>{}}
  [1m[36mVideo Load (0.3ms)[0m  [1m[34mSELECT "videos".* FROM "videos" ORDER BY "videos"."created_at" DESC[0m
  ↳ app/controllers/api/v1/videos_controller.rb:9:in `index'
  [1m[36mUser Load (0.4ms)[0m  [1m[34mSELECT "users".* FROM "users" WHERE "users"."id" = $1[0m  [["id", 1]]
  ↳ app/controllers/api/v1/videos_controller.rb:9:in `index'
Completed 200 OK in 6ms (Views: 0.1ms | ActiveRecord: 0.6ms (2 queries, 0 cached) | GC: 1.0ms)


Started GET "/api/v1/videos" for ::1 at 2025-10-27 21:52:33 +0900
Processing by Api::V1::VideosController#index as */*
  Parameters: {"video"=>{}}
  [1m[36mVideo Load (0.3ms)[0m  [1m[34mSELECT "videos".* FROM "videos" ORDER BY "videos"."created_at" DESC[0m
  ↳ app/controllers/api/v1/videos_controller.rb:9:in `index'
  [1m[36mUser Load (0.1ms)[0m  [1m[34mSELECT "users".* FROM "users" WHERE "users"."id" = $1[0m  [["id", 1]]
  ↳ app/controllers/api/v1/videos_controller.rb:9:in `index'
Completed 200 OK in 2ms (Views: 0.1ms | ActiveRecord: 0.4ms (2 queries, 0 cached) | GC: 0.0ms)


Started GET "/api/v1/videos" for ::1 at 2025-10-27 21:52:33 +0900
Processing by Api::V1::VideosController#index as */*
  Parameters: {"video"=>{}}
  [1m[36mVideo Load (0.4ms)[0m  [1m[34mSELECT "videos".* FROM "videos" ORDER BY "videos"."created_at" DESC[0m
  ↳ app/controllers/api/v1/videos_controller.rb:9:in `index'
  [1m[36mUser Load (0.2ms)[0m  [1m[34mSELECT "users".* FROM "users" WHERE "users"."id" = $1[0m  [["id", 1]]
  ↳ app/controllers/api/v1/videos_controller.rb:9:in `index'
Completed 200 OK in 6ms (Views: 0.1ms | ActiveRecord: 0.5ms (2 queries, 0 cached) | GC: 1.0ms)


Started GET "/api/v1/videos" for ::1 at 2025-10-27 21:52:35 +0900
Processing by Api::V1::VideosController#index as */*
  Parameters: {"video"=>{}}
  [1m[36mVideo Load (0.4ms)[0m  [1m[34mSELECT "videos".* FROM "videos" ORDER BY "videos"."created_at" DESC[0m
  ↳ app/controllers/api/v1/videos_controller.rb:9:in `index'
  [1m[36mUser Load (0.1ms)[0m  [1m[34mSELECT "users".* FROM "users" WHERE "users"."id" = $1[0m  [["id", 1]]
  ↳ app/controllers/api/v1/videos_controller.rb:9:in `index'
Completed 200 OK in 5ms (Views: 0.2ms | ActiveRecord: 0.5ms (2 queries, 0 cached) | GC: 0.8ms)


Started GET "/api/v1/videos" for ::1 at 2025-10-27 21:52:35 +0900
Processing by Api::V1::VideosController#index as */*
  Parameters: {"video"=>{}}
  [1m[36mVideo Load (0.4ms)[0m  [1m[34mSELECT "videos".* FROM "videos" ORDER BY "videos"."created_at" DESC[0m
  ↳ app/controllers/api/v1/videos_controller.rb:9:in `index'
  [1m[36mUser Load (0.1ms)[0m  [1m[34mSELECT "users".* FROM "users" WHERE "users"."id" = $1[0m  [["id", 1]]
  ↳ app/controllers/api/v1/videos_controller.rb:9:in `index'
Completed 200 OK in 2ms (Views: 0.2ms | ActiveRecord: 0.4ms (2 queries, 0 cached) | GC: 0.0ms)


Started GET "/api/v1/videos/5" for ::1 at 2025-10-27 21:52:42 +0900
Processing by Api::V1::VideosController#show as */*
  Parameters: {"id"=>"5", "video"=>{}}
  [1m[36mVideo Load (0.2ms)[0m  [1m[34mSELECT "videos".* FROM "videos" WHERE "videos"."id" = $1 LIMIT $2[0m  [["id", 5], ["LIMIT", 1]]
  ↳ app/controllers/api/v1/videos_controller.rb:43:in `set_video'
  [1m[36mUser Load (0.1ms)[0m  [1m[34mSELECT "users".* FROM "users" WHERE "users"."id" = $1 LIMIT $2[0m  [["id", 1], ["LIMIT", 1]]
  ↳ app/controllers/api/v1/videos_controller.rb:13:in `show'
Completed 200 OK in 14ms (Views: 0.1ms | ActiveRecord: 0.4ms (2 queries, 0 cached) | GC: 0.0ms)


Started GET "/api/v1/videos/5" for ::1 at 2025-10-27 21:52:42 +0900
Processing by Api::V1::VideosController#show as */*
  Parameters: {"id"=>"5", "video"=>{}}
  [1m[36mVideo Load (0.2ms)[0m  [1m[34mSELECT "videos".* FROM "videos" WHERE "videos"."id" = $1 LIMIT $2[0m  [["id", 5], ["LIMIT", 1]]
  ↳ app/controllers/api/v1/videos_controller.rb:43:in `set_video'
  [1m[36mUser Load (0.1ms)[0m  [1m[34mSELECT "users".* FROM "users" WHERE "users"."id" = $1 LIMIT $2[0m  [["id", 1], ["LIMIT", 1]]
  ↳ app/controllers/api/v1/videos_controller.rb:13:in `show'
Completed 200 OK in 2ms (Views: 0.1ms | ActiveRecord: 0.3ms (2 queries, 0 cached) | GC: 0.0ms)


Started GET "/api/v1/videos" for ::1 at 2025-10-27 21:53:04 +0900
Processing by Api::V1::VideosController#index as */*
  Parameters: {"video"=>{}}
  [1m[36mVideo Load (0.5ms)[0m  [1m[34mSELECT "videos".* FROM "videos" ORDER BY "videos"."created_at" DESC[0m
  ↳ app/controllers/api/v1/videos_controller.rb:9:in `index'
  [1m[36mUser Load (0.2ms)[0m  [1m[34mSELECT "users".* FROM "users" WHERE "users"."id" = $1[0m  [["id", 1]]
  ↳ app/controllers/api/v1/videos_controller.rb:9:in `index'
Completed 200 OK in 5ms (Views: 0.1ms | ActiveRecord: 0.7ms (2 queries, 0 cached) | GC: 0.0ms)


Started GET "/api/v1/videos" for ::1 at 2025-10-27 21:53:04 +0900
Processing by Api::V1::VideosController#index as */*
  Parameters: {"video"=>{}}
  [1m[36mVideo Load (0.4ms)[0m  [1m[34mSELECT "videos".* FROM "videos" ORDER BY "videos"."created_at" DESC[0m
  ↳ app/controllers/api/v1/videos_controller.rb:9:in `index'
  [1m[36mUser Load (0.1ms)[0m  [1m[34mSELECT "users".* FROM "users" WHERE "users"."id" = $1[0m  [["id", 1]]
  ↳ app/controllers/api/v1/videos_controller.rb:9:in `index'
Completed 200 OK in 7ms (Views: 0.1ms | ActiveRecord: 0.5ms (2 queries, 0 cached) | GC: 3.9ms)


Started GET "/api/v1/videos/5" for ::1 at 2025-10-27 21:53:06 +0900
Processing by Api::V1::VideosController#show as */*
  Parameters: {"id"=>"5", "video"=>{}}
  [1m[36mVideo Load (0.2ms)[0m  [1m[34mSELECT "videos".* FROM "videos" WHERE "videos"."id" = $1 LIMIT $2[0m  [["id", 5], ["LIMIT", 1]]
  ↳ app/controllers/api/v1/videos_controller.rb:43:in `set_video'
  [1m[36mUser Load (0.2ms)[0m  [1m[34mSELECT "users".* FROM "users" WHERE "users"."id" = $1 LIMIT $2[0m  [["id", 1], ["LIMIT", 1]]
  ↳ app/controllers/api/v1/videos_controller.rb:13:in `show'
Completed 200 OK in 2ms (Views: 0.1ms | ActiveRecord: 0.3ms (2 queries, 0 cached) | GC: 0.0ms)


Started GET "/api/v1/videos/5" for ::1 at 2025-10-27 21:53:06 +0900
Processing by Api::V1::VideosController#show as */*
  Parameters: {"id"=>"5", "video"=>{}}
  [1m[36mVideo Load (0.2ms)[0m  [1m[34mSELECT "videos".* FROM "videos" WHERE "videos"."id" = $1 LIMIT $2[0m  [["id", 5], ["LIMIT", 1]]
  ↳ app/controllers/api/v1/videos_controller.rb:43:in `set_video'
  [1m[36mUser Load (0.2ms)[0m  [1m[34mSELECT "users".* FROM "users" WHERE "users"."id" = $1 LIMIT $2[0m  [["id", 1], ["LIMIT", 1]]
  ↳ app/controllers/api/v1/videos_controller.rb:13:in `show'
Completed 200 OK in 3ms (Views: 0.1ms | ActiveRecord: 0.3ms (2 queries, 0 cached) | GC: 0.0ms)


Started GET "/api/v1/videos" for ::1 at 2025-10-27 21:53:12 +0900
Processing by Api::V1::VideosController#index as */*
  Parameters: {"video"=>{}}
  [1m[36mVideo Load (0.7ms)[0m  [1m[34mSELECT "videos".* FROM "videos" ORDER BY "videos"."created_at" DESC[0m
  ↳ app/controllers/api/v1/videos_controller.rb:9:in `index'
  [1m[36mUser Load (0.3ms)[0m  [1m[34mSELECT "users".* FROM "users" WHERE "users"."id" = $1[0m  [["id", 1]]
  ↳ app/controllers/api/v1/videos_controller.rb:9:in `index'
Completed 200 OK in 5ms (Views: 0.2ms | ActiveRecord: 0.9ms (2 queries, 0 cached) | GC: 0.0ms)


Started GET "/api/v1/videos" for ::1 at 2025-10-27 21:53:12 +0900
Processing by Api::V1::VideosController#index as */*
  Parameters: {"video"=>{}}
  [1m[36mVideo Load (0.3ms)[0m  [1m[34mSELECT "videos".* FROM "videos" ORDER BY "videos"."created_at" DESC[0m
  ↳ app/controllers/api/v1/videos_controller.rb:9:in `index'
  [1m[36mUser Load (0.1ms)[0m  [1m[34mSELECT "users".* FROM "users" WHERE "users"."id" = $1[0m  [["id", 1]]
  ↳ app/controllers/api/v1/videos_controller.rb:9:in `index'
Completed 200 OK in 3ms (Views: 0.1ms | ActiveRecord: 0.4ms (2 queries, 0 cached) | GC: 0.0ms)


  [1m[36mActiveRecord::SchemaMigration Load (1.2ms)[0m  [1m[34mSELECT "schema_migrations"."version" FROM "schema_migrations" ORDER BY "schema_migrations"."version" ASC[0m
  [1m[36mActiveRecord::InternalMetadata Load (0.9ms)[0m  [1m[34mSELECT * FROM "ar_internal_metadata" WHERE "ar_internal_metadata"."key" = $1 ORDER BY "ar_internal_metadata"."key" ASC LIMIT 1[0m  [[nil, "environment"]]
  [1m[36mActiveRecord::SchemaMigration Load (0.1ms)[0m  [1m[34mSELECT "schema_migrations"."version" FROM "schema_migrations" ORDER BY "schema_migrations"."version" ASC[0m
  [1m[36mActiveRecord::InternalMetadata Load (0.1ms)[0m  [1m[34mSELECT * FROM "ar_internal_metadata" WHERE "ar_internal_metadata"."key" = $1 ORDER BY "ar_internal_metadata"."key" ASC LIMIT 1[0m  [[nil, "environment"]]
  [1m[36mActiveRecord::SchemaMigration Load (0.1ms)[0m  [1m[34mSELECT "schema_migrations"."version" FROM "schema_migrations" ORDER BY "schema_migrations"."version" ASC[0m
  [1m[36mActiveRecord::InternalMetadata Load (0.1ms)[0m  [1m[34mSELECT * FROM "ar_internal_metadata" WHERE "ar_internal_metadata"."key" = $1 ORDER BY "ar_internal_metadata"."key" ASC LIMIT 1[0m  [[nil, "environment"]]
  [1m[35m (8184.3ms)[0m  [1m[35mDROP DATABASE IF EXISTS "backend_development"[0m
  [1m[35m (17.5ms)[0m  [1m[35mCREATE DATABASE "backend_development" ENCODING = 'unicode'[0m
  [1m[35m (8.6ms)[0m  [1m[35mCREATE DATABASE "backend_test" ENCODING = 'unicode'[0m
  [1m[35m (0.2ms)[0m  [1m[34mSELECT pg_try_advisory_lock(5073945470573576205)[0m
  [1m[36mActiveRecord::SchemaMigration Load (0.6ms)[0m  [1m[34mSELECT "schema_migrations"."version" FROM "schema_migrations" ORDER BY "schema_migrations"."version" ASC[0m
  [1m[36mActiveRecord::InternalMetadata Load (0.6ms)[0m  [1m[34mSELECT * FROM "ar_internal_metadata" WHERE "ar_internal_metadata"."key" = $1 ORDER BY "ar_internal_metadata"."key" ASC LIMIT 1[0m  [[nil, "environment"]]
  [1m[35m (0.1ms)[0m  [1m[34mSELECT pg_advisory_unlock(5073945470573576205)[0m
  [1m[36mActiveRecord::SchemaMigration Load (0.1ms)[0m  [1m[34mSELECT "schema_migrations"."version" FROM "schema_migrations" ORDER BY "schema_migrations"."version" ASC[0m
  [1m[36mActiveRecord::SchemaMigration Load (0.1ms)[0m  [1m[34mSELECT "schema_migrations"."version" FROM "schema_migrations" ORDER BY "schema_migrations"."version" ASC[0m
DEPRECATION WARNING: Defining enums with keyword arguments is deprecated and will be removed
in Rails 8.0. Positional arguments should be used instead:

enum :role, {:guest=>0, :admin=>1}
 (called from <class:User> at /Users/moritatomoki/workspace/video_introduction_app/backend/app/models/user.rb:4)
  [1m[36mUser Load (0.3ms)[0m  [1m[34mSELECT "users".* FROM "users" WHERE "users"."email" = $1 LIMIT $2[0m  [["email", "[FILTERED]"], ["LIMIT", 1]]
  [1m[36mVideo Count (0.6ms)[0m  [1m[34mSELECT COUNT(*) FROM "videos" WHERE "videos"."user_id" = $1[0m  [["user_id", 1]]
Started GET "/api/v1/videos" for ::1 at 2025-10-27 21:59:17 +0900
  [1m[36mActiveRecord::SchemaMigration Load (0.7ms)[0m  [1m[34mSELECT "schema_migrations"."version" FROM "schema_migrations" ORDER BY "schema_migrations"."version" ASC[0m
Processing by Api::V1::VideosController#index as */*
  Parameters: {"video"=>{}}
  [1m[36mVideo Load (0.6ms)[0m  [1m[34mSELECT "videos".* FROM "videos" ORDER BY "videos"."created_at" DESC[0m
  ↳ app/controllers/api/v1/videos_controller.rb:9:in `index'
DEPRECATION WARNING: Defining enums with keyword arguments is deprecated and will be removed
in Rails 8.0. Positional arguments should be used instead:

enum :role, {:guest=>0, :admin=>1}
 (called from <class:User> at /Users/moritatomoki/workspace/video_introduction_app/backend/app/models/user.rb:4)
  [1m[36mUser Load (0.3ms)[0m  [1m[34mSELECT "users".* FROM "users" WHERE "users"."id" = $1[0m  [["id", 1]]
  ↳ app/controllers/api/v1/videos_controller.rb:9:in `index'
Completed 200 OK in 35ms (Views: 0.2ms | ActiveRecord: 23.7ms (2 queries, 0 cached) | GC: 0.9ms)


Started GET "/api/v1/videos/5" for ::1 at 2025-10-27 21:59:23 +0900
Processing by Api::V1::VideosController#show as */*
  Parameters: {"id"=>"5", "video"=>{}}
  [1m[36mVideo Load (0.2ms)[0m  [1m[34mSELECT "videos".* FROM "videos" WHERE "videos"."id" = $1 LIMIT $2[0m  [["id", 5], ["LIMIT", 1]]
  ↳ app/controllers/api/v1/videos_controller.rb:43:in `set_video'
  [1m[36mUser Load (0.2ms)[0m  [1m[34mSELECT "users".* FROM "users" WHERE "users"."id" = $1 LIMIT $2[0m  [["id", 1], ["LIMIT", 1]]
  ↳ app/controllers/api/v1/videos_controller.rb:13:in `show'
Completed 200 OK in 5ms (Views: 0.1ms | ActiveRecord: 0.4ms (2 queries, 0 cached) | GC: 0.0ms)


Started GET "/api/v1/videos/5" for ::1 at 2025-10-27 21:59:23 +0900
Processing by Api::V1::VideosController#show as */*
  Parameters: {"id"=>"5", "video"=>{}}
  [1m[36mVideo Load (0.1ms)[0m  [1m[34mSELECT "videos".* FROM "videos" WHERE "videos"."id" = $1 LIMIT $2[0m  [["id", 5], ["LIMIT", 1]]
  ↳ app/controllers/api/v1/videos_controller.rb:43:in `set_video'
  [1m[36mUser Load (0.1ms)[0m  [1m[34mSELECT "users".* FROM "users" WHERE "users"."id" = $1 LIMIT $2[0m  [["id", 1], ["LIMIT", 1]]
  ↳ app/controllers/api/v1/videos_controller.rb:13:in `show'
Completed 200 OK in 2ms (Views: 0.1ms | ActiveRecord: 0.2ms (2 queries, 0 cached) | GC: 0.0ms)


Started GET "/api/v1/videos" for ::1 at 2025-10-27 21:59:24 +0900
Processing by Api::V1::VideosController#index as */*
  Parameters: {"video"=>{}}
  [1m[36mVideo Load (0.4ms)[0m  [1m[34mSELECT "videos".* FROM "videos" ORDER BY "videos"."created_at" DESC[0m
  ↳ app/controllers/api/v1/videos_controller.rb:9:in `index'
  [1m[36mUser Load (0.2ms)[0m  [1m[34mSELECT "users".* FROM "users" WHERE "users"."id" = $1[0m  [["id", 1]]
  ↳ app/controllers/api/v1/videos_controller.rb:9:in `index'
Completed 200 OK in 3ms (Views: 0.1ms | ActiveRecord: 0.6ms (2 queries, 0 cached) | GC: 0.0ms)


Started GET "/api/v1/videos" for ::1 at 2025-10-27 21:59:24 +0900
Processing by Api::V1::VideosController#index as */*
  Parameters: {"video"=>{}}
  [1m[36mVideo Load (0.3ms)[0m  [1m[34mSELECT "videos".* FROM "videos" ORDER BY "videos"."created_at" DESC[0m
  ↳ app/controllers/api/v1/videos_controller.rb:9:in `index'
  [1m[36mUser Load (0.1ms)[0m  [1m[34mSELECT "users".* FROM "users" WHERE "users"."id" = $1[0m  [["id", 1]]
  ↳ app/controllers/api/v1/videos_controller.rb:9:in `index'
Completed 200 OK in 3ms (Views: 0.1ms | ActiveRecord: 0.5ms (2 queries, 0 cached) | GC: 0.0ms)


Started GET "/api/v1/videos" for ::1 at 2025-10-27 21:59:26 +0900
Processing by Api::V1::VideosController#index as */*
  Parameters: {"video"=>{}}
  [1m[36mVideo Load (0.3ms)[0m  [1m[34mSELECT "videos".* FROM "videos" ORDER BY "videos"."created_at" DESC[0m
  ↳ app/controllers/api/v1/videos_controller.rb:9:in `index'
  [1m[36mUser Load (0.2ms)[0m  [1m[34mSELECT "users".* FROM "users" WHERE "users"."id" = $1[0m  [["id", 1]]
  ↳ app/controllers/api/v1/videos_controller.rb:9:in `index'
Completed 200 OK in 3ms (Views: 0.1ms | ActiveRecord: 0.5ms (2 queries, 0 cached) | GC: 0.0ms)


Started GET "/api/v1/videos" for ::1 at 2025-10-27 21:59:44 +0900
Processing by Api::V1::VideosController#index as */*
  Parameters: {"video"=>{}}
  [1m[36mVideo Load (1.6ms)[0m  [1m[34mSELECT "videos".* FROM "videos" ORDER BY "videos"."created_at" DESC[0m
  ↳ app/controllers/api/v1/videos_controller.rb:9:in `index'
  [1m[36mUser Load (0.8ms)[0m  [1m[34mSELECT "users".* FROM "users" WHERE "users"."id" = $1[0m  [["id", 1]]
  ↳ app/controllers/api/v1/videos_controller.rb:9:in `index'
Completed 200 OK in 14ms (Views: 0.6ms | ActiveRecord: 2.4ms (2 queries, 0 cached) | GC: 0.0ms)


Started GET "/api/v1/videos" for ::1 at 2025-10-27 22:01:55 +0900
Processing by Api::V1::VideosController#index as */*
  Parameters: {"video"=>{}}
  [1m[36mVideo Load (1.1ms)[0m  [1m[34mSELECT "videos".* FROM "videos" ORDER BY "videos"."created_at" DESC[0m
  ↳ app/controllers/api/v1/videos_controller.rb:9:in `index'
  [1m[36mUser Load (0.5ms)[0m  [1m[34mSELECT "users".* FROM "users" WHERE "users"."id" = $1[0m  [["id", 1]]
  ↳ app/controllers/api/v1/videos_controller.rb:9:in `index'
Completed 200 OK in 10ms (Views: 0.2ms | ActiveRecord: 1.6ms (2 queries, 0 cached) | GC: 0.0ms)


  [1m[36mActiveRecord::SchemaMigration Load (0.8ms)[0m  [1m[34mSELECT "schema_migrations"."version" FROM "schema_migrations" ORDER BY "schema_migrations"."version" ASC[0m
  [1m[36mActiveRecord::InternalMetadata Load (0.8ms)[0m  [1m[34mSELECT * FROM "ar_internal_metadata" WHERE "ar_internal_metadata"."key" = $1 ORDER BY "ar_internal_metadata"."key" ASC LIMIT 1[0m  [[nil, "environment"]]
  [1m[36mActiveRecord::SchemaMigration Load (0.1ms)[0m  [1m[34mSELECT "schema_migrations"."version" FROM "schema_migrations" ORDER BY "schema_migrations"."version" ASC[0m
  [1m[36mActiveRecord::InternalMetadata Load (0.1ms)[0m  [1m[34mSELECT * FROM "ar_internal_metadata" WHERE "ar_internal_metadata"."key" = $1 ORDER BY "ar_internal_metadata"."key" ASC LIMIT 1[0m  [[nil, "environment"]]
  [1m[36mActiveRecord::SchemaMigration Load (0.1ms)[0m  [1m[34mSELECT "schema_migrations"."version" FROM "schema_migrations" ORDER BY "schema_migrations"."version" ASC[0m
  [1m[36mActiveRecord::InternalMetadata Load (0.1ms)[0m  [1m[34mSELECT * FROM "ar_internal_metadata" WHERE "ar_internal_metadata"."key" = $1 ORDER BY "ar_internal_metadata"."key" ASC LIMIT 1[0m  [[nil, "environment"]]
  [1m[35m (7966.5ms)[0m  [1m[35mDROP DATABASE IF EXISTS "backend_development"[0m
  [1m[35m (15.4ms)[0m  [1m[35mCREATE DATABASE "backend_development" ENCODING = 'unicode'[0m
  [1m[35m (8.1ms)[0m  [1m[35mCREATE DATABASE "backend_test" ENCODING = 'unicode'[0m
  [1m[35m (0.3ms)[0m  [1m[34mSELECT pg_try_advisory_lock(5073945470573576205)[0m
  [1m[36mActiveRecord::SchemaMigration Load (0.5ms)[0m  [1m[34mSELECT "schema_migrations"."version" FROM "schema_migrations" ORDER BY "schema_migrations"."version" ASC[0m
  [1m[36mActiveRecord::InternalMetadata Load (0.5ms)[0m  [1m[34mSELECT * FROM "ar_internal_metadata" WHERE "ar_internal_metadata"."key" = $1 ORDER BY "ar_internal_metadata"."key" ASC LIMIT 1[0m  [[nil, "environment"]]
  [1m[35m (0.1ms)[0m  [1m[34mSELECT pg_advisory_unlock(5073945470573576205)[0m
  [1m[36mActiveRecord::SchemaMigration Load (0.1ms)[0m  [1m[34mSELECT "schema_migrations"."version" FROM "schema_migrations" ORDER BY "schema_migrations"."version" ASC[0m
  [1m[36mActiveRecord::SchemaMigration Load (0.0ms)[0m  [1m[34mSELECT "schema_migrations"."version" FROM "schema_migrations" ORDER BY "schema_migrations"."version" ASC[0m
DEPRECATION WARNING: Defining enums with keyword arguments is deprecated and will be removed
in Rails 8.0. Positional arguments should be used instead:

enum :role, {:guest=>0, :admin=>1}
 (called from <class:User> at /Users/moritatomoki/workspace/video_introduction_app/backend/app/models/user.rb:4)
  [1m[36mUser Load (0.3ms)[0m  [1m[34mSELECT "users".* FROM "users" WHERE "users"."email" = $1 LIMIT $2[0m  [["email", "[FILTERED]"], ["LIMIT", 1]]
  [1m[36mVideo Count (0.5ms)[0m  [1m[34mSELECT COUNT(*) FROM "videos" WHERE "videos"."user_id" = $1[0m  [["user_id", 1]]
  [1m[36mActiveRecord::SchemaMigration Load (0.7ms)[0m  [1m[34mSELECT "schema_migrations"."version" FROM "schema_migrations" ORDER BY "schema_migrations"."version" ASC[0m
  [1m[36mActiveRecord::InternalMetadata Load (0.8ms)[0m  [1m[34mSELECT * FROM "ar_internal_metadata" WHERE "ar_internal_metadata"."key" = $1 ORDER BY "ar_internal_metadata"."key" ASC LIMIT 1[0m  [[nil, "environment"]]
  [1m[36mActiveRecord::SchemaMigration Load (0.1ms)[0m  [1m[34mSELECT "schema_migrations"."version" FROM "schema_migrations" ORDER BY "schema_migrations"."version" ASC[0m
  [1m[36mActiveRecord::InternalMetadata Load (0.1ms)[0m  [1m[34mSELECT * FROM "ar_internal_metadata" WHERE "ar_internal_metadata"."key" = $1 ORDER BY "ar_internal_metadata"."key" ASC LIMIT 1[0m  [[nil, "environment"]]
  [1m[36mActiveRecord::SchemaMigration Load (0.1ms)[0m  [1m[34mSELECT "schema_migrations"."version" FROM "schema_migrations" ORDER BY "schema_migrations"."version" ASC[0m
  [1m[36mActiveRecord::InternalMetadata Load (0.1ms)[0m  [1m[34mSELECT * FROM "ar_internal_metadata" WHERE "ar_internal_metadata"."key" = $1 ORDER BY "ar_internal_metadata"."key" ASC LIMIT 1[0m  [[nil, "environment"]]
  [1m[35m (7561.0ms)[0m  [1m[35mDROP DATABASE IF EXISTS "backend_development"[0m
  [1m[35m (12.8ms)[0m  [1m[35mCREATE DATABASE "backend_development" ENCODING = 'unicode'[0m
  [1m[35m (7.5ms)[0m  [1m[35mCREATE DATABASE "backend_test" ENCODING = 'unicode'[0m
  [1m[35m (0.1ms)[0m  [1m[34mSELECT pg_try_advisory_lock(5073945470573576205)[0m
  [1m[36mActiveRecord::SchemaMigration Load (0.5ms)[0m  [1m[34mSELECT "schema_migrations"."version" FROM "schema_migrations" ORDER BY "schema_migrations"."version" ASC[0m
  [1m[36mActiveRecord::InternalMetadata Load (0.4ms)[0m  [1m[34mSELECT * FROM "ar_internal_metadata" WHERE "ar_internal_metadata"."key" = $1 ORDER BY "ar_internal_metadata"."key" ASC LIMIT 1[0m  [[nil, "environment"]]
  [1m[35m (0.1ms)[0m  [1m[34mSELECT pg_advisory_unlock(5073945470573576205)[0m
  [1m[36mActiveRecord::SchemaMigration Load (0.1ms)[0m  [1m[34mSELECT "schema_migrations"."version" FROM "schema_migrations" ORDER BY "schema_migrations"."version" ASC[0m
  [1m[36mActiveRecord::SchemaMigration Load (0.1ms)[0m  [1m[34mSELECT "schema_migrations"."version" FROM "schema_migrations" ORDER BY "schema_migrations"."version" ASC[0m
DEPRECATION WARNING: Defining enums with keyword arguments is deprecated and will be removed
in Rails 8.0. Positional arguments should be used instead:

enum :role, {:guest=>0, :admin=>1}
 (called from <class:User> at /Users/moritatomoki/workspace/video_introduction_app/backend/app/models/user.rb:4)
  [1m[36mUser Load (0.4ms)[0m  [1m[34mSELECT "users".* FROM "users" WHERE "users"."email" = $1 LIMIT $2[0m  [["email", "[FILTERED]"], ["LIMIT", 1]]
  [1m[36mVideo Count (0.6ms)[0m  [1m[34mSELECT COUNT(*) FROM "videos" WHERE "videos"."user_id" = $1[0m  [["user_id", 1]]
  [1m[36mActiveRecord::SchemaMigration Load (1.0ms)[0m  [1m[34mSELECT "schema_migrations"."version" FROM "schema_migrations" ORDER BY "schema_migrations"."version" ASC[0m
  [1m[36mActiveRecord::SchemaMigration Load (0.1ms)[0m  [1m[34mSELECT "schema_migrations"."version" FROM "schema_migrations" ORDER BY "schema_migrations"."version" ASC[0m
  [1m[36mActiveRecord::SchemaMigration Load (0.1ms)[0m  [1m[34mSELECT "schema_migrations"."version" FROM "schema_migrations" ORDER BY "schema_migrations"."version" ASC[0m
  [1m[35m (0.1ms)[0m  [1m[34mSELECT pg_try_advisory_lock(5073945470573576205)[0m
  [1m[36mActiveRecord::SchemaMigration Load (0.1ms)[0m  [1m[34mSELECT "schema_migrations"."version" FROM "schema_migrations" ORDER BY "schema_migrations"."version" ASC[0m
Migrating to CreateVideos (20251026135616)
  [1m[36mTRANSACTION (0.0ms)[0m  [1m[35mBEGIN[0m
  [1m[35m (5.4ms)[0m  [1m[35mDROP TABLE "videos"[0m
  [1m[36mActiveRecord::SchemaMigration Destroy (0.6ms)[0m  [1m[31mDELETE FROM "schema_migrations" WHERE "schema_migrations"."version" = '20251026135616'[0m
  [1m[36mTRANSACTION (2.9ms)[0m  [1m[35mCOMMIT[0m
  [1m[35m (0.2ms)[0m  [1m[34mSELECT pg_advisory_unlock(5073945470573576205)[0m
  [1m[36mActiveRecord::SchemaMigration Load (0.1ms)[0m  [1m[34mSELECT "schema_migrations"."version" FROM "schema_migrations" ORDER BY "schema_migrations"."version" ASC[0m
  [1m[35m (0.1ms)[0m  [1m[34mSELECT pg_try_advisory_lock(5073945470573576205)[0m
  [1m[36mActiveRecord::SchemaMigration Load (0.1ms)[0m  [1m[34mSELECT "schema_migrations"."version" FROM "schema_migrations" ORDER BY "schema_migrations"."version" ASC[0m
  [1m[36mActiveRecord::InternalMetadata Load (0.4ms)[0m  [1m[34mSELECT * FROM "ar_internal_metadata" WHERE "ar_internal_metadata"."key" = $1 ORDER BY "ar_internal_metadata"."key" ASC LIMIT 1[0m  [[nil, "environment"]]
Migrating to CreateVideos (20251026135616)
  [1m[36mTRANSACTION (0.0ms)[0m  [1m[35mBEGIN[0m
  [1m[35m (6.2ms)[0m  [1m[35mCREATE TABLE "videos" ("id" bigserial primary key, "title" character varying, "description" text, "video_url" character varying, "thumbnail_url" character varying, "user_id" bigint NOT NULL, "created_at" timestamp(6) NOT NULL, "updated_at" timestamp(6) NOT NULL, CONSTRAINT "fk_rails_ba925d1105"
FOREIGN KEY ("user_id")
  REFERENCES "users" ("id")
)[0m
  [1m[35m (1.0ms)[0m  [1m[35mCREATE INDEX "index_videos_on_user_id" ON "videos" ("user_id")[0m
  [1m[36mActiveRecord::SchemaMigration Create (0.1ms)[0m  [1m[32mINSERT INTO "schema_migrations" ("version") VALUES ('20251026135616') RETURNING "version"[0m
  [1m[36mTRANSACTION (0.2ms)[0m  [1m[35mCOMMIT[0m
  [1m[35m (0.2ms)[0m  [1m[34mSELECT pg_advisory_unlock(5073945470573576205)[0m
  [1m[36mActiveRecord::SchemaMigration Load (0.1ms)[0m  [1m[34mSELECT "schema_migrations"."version" FROM "schema_migrations" ORDER BY "schema_migrations"."version" ASC[0m
  [1m[35m (14.2ms)[0m  [1m[35mCREATE DATABASE "backend_development" ENCODING = 'unicode'[0m
  [1m[35m (9.4ms)[0m  [1m[35mCREATE DATABASE "backend_test" ENCODING = 'unicode'[0m
  [1m[35m (0.1ms)[0m  [1m[34mSELECT pg_try_advisory_lock(5073945470573576205)[0m
  [1m[36mActiveRecord::SchemaMigration Load (0.9ms)[0m  [1m[34mSELECT "schema_migrations"."version" FROM "schema_migrations" ORDER BY "schema_migrations"."version" ASC[0m
  [1m[36mActiveRecord::InternalMetadata Load (0.7ms)[0m  [1m[34mSELECT * FROM "ar_internal_metadata" WHERE "ar_internal_metadata"."key" = $1 ORDER BY "ar_internal_metadata"."key" ASC LIMIT 1[0m  [[nil, "environment"]]
  [1m[35m (0.1ms)[0m  [1m[34mSELECT pg_advisory_unlock(5073945470573576205)[0m
  [1m[36mActiveRecord::SchemaMigration Load (0.1ms)[0m  [1m[34mSELECT "schema_migrations"."version" FROM "schema_migrations" ORDER BY "schema_migrations"."version" ASC[0m
  [1m[36mActiveRecord::SchemaMigration Load (0.1ms)[0m  [1m[34mSELECT "schema_migrations"."version" FROM "schema_migrations" ORDER BY "schema_migrations"."version" ASC[0m
DEPRECATION WARNING: Defining enums with keyword arguments is deprecated and will be removed
in Rails 8.0. Positional arguments should be used instead:

enum :role, {:guest=>0, :admin=>1}
 (called from <class:User> at /Users/moritatomoki/workspace/video_introduction_app/backend/app/models/user.rb:4)
  [1m[36mUser Load (0.4ms)[0m  [1m[34mSELECT "users".* FROM "users" WHERE "users"."email" = $1 LIMIT $2[0m  [["email", "[FILTERED]"], ["LIMIT", 1]]
  [1m[36mVideo Count (0.5ms)[0m  [1m[34mSELECT COUNT(*) FROM "videos" WHERE "videos"."user_id" = $1[0m  [["user_id", 1]]
  [1m[36mTRANSACTION (0.1ms)[0m  [1m[35mBEGIN[0m
  [1m[36mVideo Create (1.4ms)[0m  [1m[32mINSERT INTO "videos" ("title", "description", "video_url", "thumbnail_url", "user_id", "created_at", "updated_at") VALUES ($1, $2, $3, $4, $5, $6, $7) RETURNING "id"[0m  [["title", "Sample Video 1"], ["description", "This is a sample video description 1"], ["video_url", "https://www.w3schools.com/html/mov_bbb.mp4"], ["thumbnail_url", "https://github.com/minimamujiro/image_repo/blob/main/thumbnail01.jpg"], ["user_id", 1], ["created_at", "2025-10-27 13:20:44.258368"], ["updated_at", "2025-10-27 13:20:44.258368"]]
  [1m[36mTRANSACTION (0.2ms)[0m  [1m[35mCOMMIT[0m
  [1m[36mTRANSACTION (0.0ms)[0m  [1m[35mBEGIN[0m
  [1m[36mVideo Create (0.5ms)[0m  [1m[32mINSERT INTO "videos" ("title", "description", "video_url", "thumbnail_url", "user_id", "created_at", "updated_at") VALUES ($1, $2, $3, $4, $5, $6, $7) RETURNING "id"[0m  [["title", "Sample Video 2"], ["description", "This is a sample video description 2"], ["video_url", "https://www.w3schools.com/html/mov_bbb.mp4"], ["thumbnail_url", "https://github.com/minimamujiro/image_repo/blob/main/thumbnail01.jpg"], ["user_id", 1], ["created_at", "2025-10-27 13:20:44.260924"], ["updated_at", "2025-10-27 13:20:44.260924"]]
  [1m[36mTRANSACTION (0.1ms)[0m  [1m[35mCOMMIT[0m
  [1m[36mTRANSACTION (0.0ms)[0m  [1m[35mBEGIN[0m
  [1m[36mVideo Create (0.5ms)[0m  [1m[32mINSERT INTO "videos" ("title", "description", "video_url", "thumbnail_url", "user_id", "created_at", "updated_at") VALUES ($1, $2, $3, $4, $5, $6, $7) RETURNING "id"[0m  [["title", "Sample Video 3"], ["description", "This is a sample video description 3"], ["video_url", "https://www.w3schools.com/html/mov_bbb.mp4"], ["thumbnail_url", "https://github.com/minimamujiro/image_repo/blob/main/thumbnail01.jpg"], ["user_id", 1], ["created_at", "2025-10-27 13:20:44.262243"], ["updated_at", "2025-10-27 13:20:44.262243"]]
  [1m[36mTRANSACTION (0.1ms)[0m  [1m[35mCOMMIT[0m
  [1m[36mTRANSACTION (0.0ms)[0m  [1m[35mBEGIN[0m
  [1m[36mVideo Create (0.5ms)[0m  [1m[32mINSERT INTO "videos" ("title", "description", "video_url", "thumbnail_url", "user_id", "created_at", "updated_at") VALUES ($1, $2, $3, $4, $5, $6, $7) RETURNING "id"[0m  [["title", "Sample Video 4"], ["description", "This is a sample video description 4"], ["video_url", "https://www.w3schools.com/html/mov_bbb.mp4"], ["thumbnail_url", "https://github.com/minimamujiro/image_repo/blob/main/thumbnail01.jpg"], ["user_id", 1], ["created_at", "2025-10-27 13:20:44.263548"], ["updated_at", "2025-10-27 13:20:44.263548"]]
  [1m[36mTRANSACTION (0.3ms)[0m  [1m[35mCOMMIT[0m
  [1m[36mTRANSACTION (0.0ms)[0m  [1m[35mBEGIN[0m
  [1m[36mVideo Create (0.5ms)[0m  [1m[32mINSERT INTO "videos" ("title", "description", "video_url", "thumbnail_url", "user_id", "created_at", "updated_at") VALUES ($1, $2, $3, $4, $5, $6, $7) RETURNING "id"[0m  [["title", "Sample Video 5"], ["description", "This is a sample video description 5"], ["video_url", "https://www.w3schools.com/html/mov_bbb.mp4"], ["thumbnail_url", "https://github.com/minimamujiro/image_repo/blob/main/thumbnail01.jpg"], ["user_id", 1], ["created_at", "2025-10-27 13:20:44.265040"], ["updated_at", "2025-10-27 13:20:44.265040"]]
  [1m[36mTRANSACTION (0.1ms)[0m  [1m[35mCOMMIT[0m
Started GET "/api/v1/videos" for ::1 at 2025-10-27 22:21:23 +0900
  [1m[36mActiveRecord::SchemaMigration Load (0.5ms)[0m  [1m[34mSELECT "schema_migrations"."version" FROM "schema_migrations" ORDER BY "schema_migrations"."version" ASC[0m
Processing by Api::V1::VideosController#index as */*
  Parameters: {"video"=>{}}
  [1m[36mVideo Load (2.1ms)[0m  [1m[34mSELECT "videos".* FROM "videos" ORDER BY "videos"."created_at" DESC[0m
  ↳ app/controllers/api/v1/videos_controller.rb:9:in `index'
DEPRECATION WARNING: Defining enums with keyword arguments is deprecated and will be removed
in Rails 8.0. Positional arguments should be used instead:

enum :role, {:guest=>0, :admin=>1}
 (called from <class:User> at /Users/moritatomoki/workspace/video_introduction_app/backend/app/models/user.rb:4)
  [1m[36mUser Load (0.3ms)[0m  [1m[34mSELECT "users".* FROM "users" WHERE "users"."id" = $1[0m  [["id", 1]]
  ↳ app/controllers/api/v1/videos_controller.rb:9:in `index'
Completed 200 OK in 18ms (Views: 0.1ms | ActiveRecord: 17.7ms (2 queries, 0 cached) | GC: 0.0ms)


Started GET "/api/v1/videos" for ::1 at 2025-10-27 22:22:18 +0900
Processing by Api::V1::VideosController#index as */*
  Parameters: {"video"=>{}}
  [1m[36mVideo Load (1.1ms)[0m  [1m[34mSELECT "videos".* FROM "videos" ORDER BY "videos"."created_at" DESC[0m
  ↳ app/controllers/api/v1/videos_controller.rb:9:in `index'
  [1m[36mUser Load (0.7ms)[0m  [1m[34mSELECT "users".* FROM "users" WHERE "users"."id" = $1[0m  [["id", 1]]
  ↳ app/controllers/api/v1/videos_controller.rb:9:in `index'
Completed 200 OK in 11ms (Views: 0.1ms | ActiveRecord: 1.7ms (2 queries, 0 cached) | GC: 0.0ms)


Started GET "/api/v1/videos" for ::1 at 2025-10-27 22:27:37 +0900
Processing by Api::V1::VideosController#index as */*
  Parameters: {"video"=>{}}
  [1m[36mVideo Load (22.4ms)[0m  [1m[34mSELECT "videos".* FROM "videos" ORDER BY "videos"."created_at" DESC[0m
  ↳ app/controllers/api/v1/videos_controller.rb:9:in `index'
  [1m[36mUser Load (0.5ms)[0m  [1m[34mSELECT "users".* FROM "users" WHERE "users"."id" = $1[0m  [["id", 1]]
  ↳ app/controllers/api/v1/videos_controller.rb:9:in `index'
Completed 200 OK in 30ms (Views: 0.1ms | ActiveRecord: 28.4ms (2 queries, 0 cached) | GC: 0.0ms)


Started GET "/api/v1/videos" for ::1 at 2025-10-27 22:27:48 +0900
Processing by Api::V1::VideosController#index as */*
  Parameters: {"video"=>{}}
  [1m[36mVideo Load (1.5ms)[0m  [1m[34mSELECT "videos".* FROM "videos" ORDER BY "videos"."created_at" DESC[0m
  ↳ app/controllers/api/v1/videos_controller.rb:9:in `index'
  [1m[36mUser Load (0.5ms)[0m  [1m[34mSELECT "users".* FROM "users" WHERE "users"."id" = $1[0m  [["id", 1]]
  ↳ app/controllers/api/v1/videos_controller.rb:9:in `index'
Completed 200 OK in 9ms (Views: 0.5ms | ActiveRecord: 1.9ms (2 queries, 0 cached) | GC: 0.0ms)


Started GET "/api/v1/videos" for ::1 at 2025-10-27 22:27:49 +0900
Processing by Api::V1::VideosController#index as */*
  Parameters: {"video"=>{}}
  [1m[36mVideo Load (0.7ms)[0m  [1m[34mSELECT "videos".* FROM "videos" ORDER BY "videos"."created_at" DESC[0m
  ↳ app/controllers/api/v1/videos_controller.rb:9:in `index'
  [1m[36mUser Load (0.2ms)[0m  [1m[34mSELECT "users".* FROM "users" WHERE "users"."id" = $1[0m  [["id", 1]]
  ↳ app/controllers/api/v1/videos_controller.rb:9:in `index'
Completed 200 OK in 23ms (Views: 0.2ms | ActiveRecord: 0.9ms (2 queries, 0 cached) | GC: 15.4ms)


  [1m[36mActiveRecord::SchemaMigration Load (0.5ms)[0m  [1m[34mSELECT "schema_migrations"."version" FROM "schema_migrations" ORDER BY "schema_migrations"."version" ASC[0m
  [1m[36mActiveRecord::SchemaMigration Load (0.1ms)[0m  [1m[34mSELECT "schema_migrations"."version" FROM "schema_migrations" ORDER BY "schema_migrations"."version" ASC[0m
  [1m[36mActiveRecord::SchemaMigration Load (0.1ms)[0m  [1m[34mSELECT "schema_migrations"."version" FROM "schema_migrations" ORDER BY "schema_migrations"."version" ASC[0m
  [1m[35m (0.1ms)[0m  [1m[34mSELECT pg_try_advisory_lock(5073945470573576205)[0m
  [1m[36mActiveRecord::SchemaMigration Load (0.2ms)[0m  [1m[34mSELECT "schema_migrations"."version" FROM "schema_migrations" ORDER BY "schema_migrations"."version" ASC[0m
Migrating to CreateVideos (20251026135616)
  [1m[36mTRANSACTION (0.1ms)[0m  [1m[35mBEGIN[0m
  [1m[35m (1.8ms)[0m  [1m[35mDROP TABLE "videos"[0m
  [1m[36mActiveRecord::SchemaMigration Destroy (0.3ms)[0m  [1m[31mDELETE FROM "schema_migrations" WHERE "schema_migrations"."version" = '20251026135616'[0m
  [1m[36mTRANSACTION (2.4ms)[0m  [1m[35mCOMMIT[0m
  [1m[35m (0.2ms)[0m  [1m[34mSELECT pg_advisory_unlock(5073945470573576205)[0m
  [1m[36mActiveRecord::SchemaMigration Load (0.1ms)[0m  [1m[34mSELECT "schema_migrations"."version" FROM "schema_migrations" ORDER BY "schema_migrations"."version" ASC[0m
  [1m[35m (0.0ms)[0m  [1m[34mSELECT pg_try_advisory_lock(5073945470573576205)[0m
  [1m[36mActiveRecord::SchemaMigration Load (0.3ms)[0m  [1m[34mSELECT "schema_migrations"."version" FROM "schema_migrations" ORDER BY "schema_migrations"."version" ASC[0m
  [1m[36mActiveRecord::InternalMetadata Load (0.3ms)[0m  [1m[34mSELECT * FROM "ar_internal_metadata" WHERE "ar_internal_metadata"."key" = $1 ORDER BY "ar_internal_metadata"."key" ASC LIMIT 1[0m  [[nil, "environment"]]
Migrating to CreateVideos (20251026135616)
  [1m[36mTRANSACTION (0.1ms)[0m  [1m[35mBEGIN[0m
  [1m[35m (3.2ms)[0m  [1m[35mCREATE TABLE "videos" ("id" bigserial primary key, "title" character varying, "description" text, "video_url" character varying, "thumbnail_url" character varying, "user_id" bigint NOT NULL, "created_at" timestamp(6) NOT NULL, "updated_at" timestamp(6) NOT NULL, CONSTRAINT "fk_rails_ba925d1105"
FOREIGN KEY ("user_id")
  REFERENCES "users" ("id")
)[0m
  [1m[35m (0.4ms)[0m  [1m[35mCREATE INDEX "index_videos_on_user_id" ON "videos" ("user_id")[0m
  [1m[36mActiveRecord::SchemaMigration Create (0.1ms)[0m  [1m[32mINSERT INTO "schema_migrations" ("version") VALUES ('20251026135616') RETURNING "version"[0m
  [1m[36mTRANSACTION (0.3ms)[0m  [1m[35mCOMMIT[0m
  [1m[35m (0.2ms)[0m  [1m[34mSELECT pg_advisory_unlock(5073945470573576205)[0m
  [1m[36mActiveRecord::SchemaMigration Load (0.1ms)[0m  [1m[34mSELECT "schema_migrations"."version" FROM "schema_migrations" ORDER BY "schema_migrations"."version" ASC[0m
  [1m[35m (11.9ms)[0m  [1m[35mCREATE DATABASE "backend_development" ENCODING = 'unicode'[0m
  [1m[35m (6.8ms)[0m  [1m[35mCREATE DATABASE "backend_test" ENCODING = 'unicode'[0m
  [1m[35m (0.0ms)[0m  [1m[34mSELECT pg_try_advisory_lock(5073945470573576205)[0m
  [1m[36mActiveRecord::SchemaMigration Load (0.5ms)[0m  [1m[34mSELECT "schema_migrations"."version" FROM "schema_migrations" ORDER BY "schema_migrations"."version" ASC[0m
  [1m[36mActiveRecord::InternalMetadata Load (0.5ms)[0m  [1m[34mSELECT * FROM "ar_internal_metadata" WHERE "ar_internal_metadata"."key" = $1 ORDER BY "ar_internal_metadata"."key" ASC LIMIT 1[0m  [[nil, "environment"]]
  [1m[35m (0.1ms)[0m  [1m[34mSELECT pg_advisory_unlock(5073945470573576205)[0m
  [1m[36mActiveRecord::SchemaMigration Load (0.0ms)[0m  [1m[34mSELECT "schema_migrations"."version" FROM "schema_migrations" ORDER BY "schema_migrations"."version" ASC[0m
  [1m[36mActiveRecord::SchemaMigration Load (0.1ms)[0m  [1m[34mSELECT "schema_migrations"."version" FROM "schema_migrations" ORDER BY "schema_migrations"."version" ASC[0m
DEPRECATION WARNING: Defining enums with keyword arguments is deprecated and will be removed
in Rails 8.0. Positional arguments should be used instead:

enum :role, {:guest=>0, :admin=>1}
 (called from <class:User> at /Users/moritatomoki/workspace/video_introduction_app/backend/app/models/user.rb:4)
  [1m[36mUser Load (0.4ms)[0m  [1m[34mSELECT "users".* FROM "users" WHERE "users"."email" = $1 LIMIT $2[0m  [["email", "[FILTERED]"], ["LIMIT", 1]]
  [1m[36mVideo Count (0.5ms)[0m  [1m[34mSELECT COUNT(*) FROM "videos" WHERE "videos"."user_id" = $1[0m  [["user_id", 1]]
  [1m[36mTRANSACTION (0.1ms)[0m  [1m[35mBEGIN[0m
  [1m[36mVideo Create (1.4ms)[0m  [1m[32mINSERT INTO "videos" ("title", "description", "video_url", "thumbnail_url", "user_id", "created_at", "updated_at") VALUES ($1, $2, $3, $4, $5, $6, $7) RETURNING "id"[0m  [["title", "Sample Video 1"], ["description", "This is a sample video description 1"], ["video_url", "https://www.w3schools.com/html/mov_bbb.mp4"], ["thumbnail_url", "https://github.com/minimamujiro/image_repo/blob/0f49e1307390d49451fa019b7d4ab42066501855/thumbnail01.jpg"], ["user_id", 1], ["created_at", "2025-10-27 13:28:30.485250"], ["updated_at", "2025-10-27 13:28:30.485250"]]
  [1m[36mTRANSACTION (0.4ms)[0m  [1m[35mCOMMIT[0m
  [1m[36mTRANSACTION (0.0ms)[0m  [1m[35mBEGIN[0m
  [1m[36mVideo Create (0.6ms)[0m  [1m[32mINSERT INTO "videos" ("title", "description", "video_url", "thumbnail_url", "user_id", "created_at", "updated_at") VALUES ($1, $2, $3, $4, $5, $6, $7) RETURNING "id"[0m  [["title", "Sample Video 2"], ["description", "This is a sample video description 2"], ["video_url", "https://www.w3schools.com/html/mov_bbb.mp4"], ["thumbnail_url", "https://github.com/minimamujiro/image_repo/blob/0f49e1307390d49451fa019b7d4ab42066501855/thumbnail01.jpg"], ["user_id", 1], ["created_at", "2025-10-27 13:28:30.488570"], ["updated_at", "2025-10-27 13:28:30.488570"]]
  [1m[36mTRANSACTION (0.1ms)[0m  [1m[35mCOMMIT[0m
  [1m[36mTRANSACTION (0.0ms)[0m  [1m[35mBEGIN[0m
  [1m[36mVideo Create (0.5ms)[0m  [1m[32mINSERT INTO "videos" ("title", "description", "video_url", "thumbnail_url", "user_id", "created_at", "updated_at") VALUES ($1, $2, $3, $4, $5, $6, $7) RETURNING "id"[0m  [["title", "Sample Video 3"], ["description", "This is a sample video description 3"], ["video_url", "https://www.w3schools.com/html/mov_bbb.mp4"], ["thumbnail_url", "https://github.com/minimamujiro/image_repo/blob/0f49e1307390d49451fa019b7d4ab42066501855/thumbnail01.jpg"], ["user_id", 1], ["created_at", "2025-10-27 13:28:30.490146"], ["updated_at", "2025-10-27 13:28:30.490146"]]
  [1m[36mTRANSACTION (0.1ms)[0m  [1m[35mCOMMIT[0m
  [1m[36mTRANSACTION (0.0ms)[0m  [1m[35mBEGIN[0m
  [1m[36mVideo Create (0.5ms)[0m  [1m[32mINSERT INTO "videos" ("title", "description", "video_url", "thumbnail_url", "user_id", "created_at", "updated_at") VALUES ($1, $2, $3, $4, $5, $6, $7) RETURNING "id"[0m  [["title", "Sample Video 4"], ["description", "This is a sample video description 4"], ["video_url", "https://www.w3schools.com/html/mov_bbb.mp4"], ["thumbnail_url", "https://github.com/minimamujiro/image_repo/blob/0f49e1307390d49451fa019b7d4ab42066501855/thumbnail01.jpg"], ["user_id", 1], ["created_at", "2025-10-27 13:28:30.491489"], ["updated_at", "2025-10-27 13:28:30.491489"]]
  [1m[36mTRANSACTION (0.1ms)[0m  [1m[35mCOMMIT[0m
  [1m[36mTRANSACTION (0.0ms)[0m  [1m[35mBEGIN[0m
  [1m[36mVideo Create (0.5ms)[0m  [1m[32mINSERT INTO "videos" ("title", "description", "video_url", "thumbnail_url", "user_id", "created_at", "updated_at") VALUES ($1, $2, $3, $4, $5, $6, $7) RETURNING "id"[0m  [["title", "Sample Video 5"], ["description", "This is a sample video description 5"], ["video_url", "https://www.w3schools.com/html/mov_bbb.mp4"], ["thumbnail_url", "https://github.com/minimamujiro/image_repo/blob/0f49e1307390d49451fa019b7d4ab42066501855/thumbnail01.jpg"], ["user_id", 1], ["created_at", "2025-10-27 13:28:30.492825"], ["updated_at", "2025-10-27 13:28:30.492825"]]
  [1m[36mTRANSACTION (0.1ms)[0m  [1m[35mCOMMIT[0m
Started GET "/api/v1/videos" for ::1 at 2025-10-27 22:28:49 +0900
  [1m[36mActiveRecord::SchemaMigration Load (0.5ms)[0m  [1m[34mSELECT "schema_migrations"."version" FROM "schema_migrations" ORDER BY "schema_migrations"."version" ASC[0m
Processing by Api::V1::VideosController#index as */*
  Parameters: {"video"=>{}}
  [1m[36mVideo Load (0.7ms)[0m  [1m[34mSELECT "videos".* FROM "videos" ORDER BY "videos"."created_at" DESC[0m
  ↳ app/controllers/api/v1/videos_controller.rb:9:in `index'
DEPRECATION WARNING: Defining enums with keyword arguments is deprecated and will be removed
in Rails 8.0. Positional arguments should be used instead:

enum :role, {:guest=>0, :admin=>1}
 (called from <class:User> at /Users/moritatomoki/workspace/video_introduction_app/backend/app/models/user.rb:4)
  [1m[36mUser Load (0.3ms)[0m  [1m[34mSELECT "users".* FROM "users" WHERE "users"."id" = $1[0m  [["id", 1]]
  ↳ app/controllers/api/v1/videos_controller.rb:9:in `index'
Completed 200 OK in 22ms (Views: 0.3ms | ActiveRecord: 16.0ms (2 queries, 0 cached) | GC: 0.0ms)


Started GET "/api/v1/videos/5" for ::1 at 2025-10-27 22:29:23 +0900
Started GET "/api/v1/videos/5" for ::1 at 2025-10-27 22:29:23 +0900
Processing by Api::V1::VideosController#show as */*
  Parameters: {"id"=>"5", "video"=>{}}
Processing by Api::V1::VideosController#show as */*
  Parameters: {"id"=>"5", "video"=>{}}
  [1m[36mVideo Load (1.2ms)[0m  [1m[34mSELECT "videos".* FROM "videos" WHERE "videos"."id" = $1 LIMIT $2[0m  [["id", 5], ["LIMIT", 1]]
  ↳ app/controllers/api/v1/videos_controller.rb:43:in `set_video'
  [1m[36mUser Load (0.2ms)[0m  [1m[34mSELECT "users".* FROM "users" WHERE "users"."id" = $1 LIMIT $2[0m  [["id", 1], ["LIMIT", 1]]
  ↳ app/controllers/api/v1/videos_controller.rb:13:in `show'
Completed 200 OK in 46ms (Views: 0.1ms | ActiveRecord: 1.4ms (2 queries, 0 cached) | GC: 0.0ms)


  [1m[36mVideo Load (0.3ms)[0m  [1m[34mSELECT "videos".* FROM "videos" WHERE "videos"."id" = $1 LIMIT $2[0m  [["id", 5], ["LIMIT", 1]]
  ↳ app/controllers/api/v1/videos_controller.rb:43:in `set_video'
  [1m[36mUser Load (0.4ms)[0m  [1m[34mSELECT "users".* FROM "users" WHERE "users"."id" = $1 LIMIT $2[0m  [["id", 1], ["LIMIT", 1]]
  ↳ app/controllers/api/v1/videos_controller.rb:13:in `show'
Completed 200 OK in 63ms (Views: 9.2ms | ActiveRecord: 6.3ms (2 queries, 0 cached) | GC: 8.5ms)


Started GET "/api/v1/videos" for ::1 at 2025-10-27 22:29:28 +0900
Started GET "/api/v1/videos" for ::1 at 2025-10-27 22:29:28 +0900
Processing by Api::V1::VideosController#index as */*
  Parameters: {"video"=>{}}
Processing by Api::V1::VideosController#index as */*
  Parameters: {"video"=>{}}
  [1m[36mVideo Load (0.9ms)[0m  [1m[34mSELECT "videos".* FROM "videos" ORDER BY "videos"."created_at" DESC[0m
  ↳ app/controllers/api/v1/videos_controller.rb:9:in `index'
  [1m[36mVideo Load (0.8ms)[0m  [1m[34mSELECT "videos".* FROM "videos" ORDER BY "videos"."created_at" DESC[0m
  ↳ app/controllers/api/v1/videos_controller.rb:9:in `index'
  [1m[36mUser Load (0.4ms)[0m  [1m[34mSELECT "users".* FROM "users" WHERE "users"."id" = $1[0m  [["id", 1]]
  [1m[36mUser Load (0.7ms)[0m  [1m[34mSELECT "users".* FROM "users" WHERE "users"."id" = $1[0m  [["id", 1]]
  ↳ app/controllers/api/v1/videos_controller.rb:9:in `index'
  ↳ app/controllers/api/v1/videos_controller.rb:9:in `index'
Completed 200 OK in 8ms (Views: 0.1ms | ActiveRecord: 1.3ms (2 queries, 0 cached) | GC: 0.9ms)


Completed 200 OK in 10ms (Views: 0.2ms | ActiveRecord: 1.5ms (2 queries, 0 cached) | GC: 0.9ms)


  [1m[36mActiveRecord::SchemaMigration Load (0.6ms)[0m  [1m[34mSELECT "schema_migrations"."version" FROM "schema_migrations" ORDER BY "schema_migrations"."version" ASC[0m
  [1m[36mActiveRecord::SchemaMigration Load (0.1ms)[0m  [1m[34mSELECT "schema_migrations"."version" FROM "schema_migrations" ORDER BY "schema_migrations"."version" ASC[0m
  [1m[36mActiveRecord::SchemaMigration Load (0.1ms)[0m  [1m[34mSELECT "schema_migrations"."version" FROM "schema_migrations" ORDER BY "schema_migrations"."version" ASC[0m
  [1m[35m (0.1ms)[0m  [1m[34mSELECT pg_try_advisory_lock(5073945470573576205)[0m
  [1m[36mActiveRecord::SchemaMigration Load (0.1ms)[0m  [1m[34mSELECT "schema_migrations"."version" FROM "schema_migrations" ORDER BY "schema_migrations"."version" ASC[0m
Migrating to CreateVideos (20251026135616)
  [1m[36mTRANSACTION (0.1ms)[0m  [1m[35mBEGIN[0m
  [1m[35m (2.8ms)[0m  [1m[35mDROP TABLE "videos"[0m
  [1m[36mActiveRecord::SchemaMigration Destroy (0.6ms)[0m  [1m[31mDELETE FROM "schema_migrations" WHERE "schema_migrations"."version" = '20251026135616'[0m
  [1m[36mTRANSACTION (3.3ms)[0m  [1m[35mCOMMIT[0m
  [1m[35m (0.2ms)[0m  [1m[34mSELECT pg_advisory_unlock(5073945470573576205)[0m
  [1m[36mActiveRecord::SchemaMigration Load (0.1ms)[0m  [1m[34mSELECT "schema_migrations"."version" FROM "schema_migrations" ORDER BY "schema_migrations"."version" ASC[0m
  [1m[35m (0.0ms)[0m  [1m[34mSELECT pg_try_advisory_lock(5073945470573576205)[0m
  [1m[36mActiveRecord::SchemaMigration Load (0.1ms)[0m  [1m[34mSELECT "schema_migrations"."version" FROM "schema_migrations" ORDER BY "schema_migrations"."version" ASC[0m
  [1m[36mActiveRecord::InternalMetadata Load (0.3ms)[0m  [1m[34mSELECT * FROM "ar_internal_metadata" WHERE "ar_internal_metadata"."key" = $1 ORDER BY "ar_internal_metadata"."key" ASC LIMIT 1[0m  [[nil, "environment"]]
Migrating to CreateVideos (20251026135616)
  [1m[36mTRANSACTION (0.1ms)[0m  [1m[35mBEGIN[0m
  [1m[35m (3.9ms)[0m  [1m[35mCREATE TABLE "videos" ("id" bigserial primary key, "title" character varying, "description" text, "video_url" character varying, "thumbnail_url" character varying, "user_id" bigint NOT NULL, "created_at" timestamp(6) NOT NULL, "updated_at" timestamp(6) NOT NULL, CONSTRAINT "fk_rails_ba925d1105"
FOREIGN KEY ("user_id")
  REFERENCES "users" ("id")
)[0m
  [1m[35m (0.5ms)[0m  [1m[35mCREATE INDEX "index_videos_on_user_id" ON "videos" ("user_id")[0m
  [1m[36mActiveRecord::SchemaMigration Create (0.1ms)[0m  [1m[32mINSERT INTO "schema_migrations" ("version") VALUES ('20251026135616') RETURNING "version"[0m
  [1m[36mTRANSACTION (0.2ms)[0m  [1m[35mCOMMIT[0m
  [1m[35m (0.1ms)[0m  [1m[34mSELECT pg_advisory_unlock(5073945470573576205)[0m
  [1m[36mActiveRecord::SchemaMigration Load (0.1ms)[0m  [1m[34mSELECT "schema_migrations"."version" FROM "schema_migrations" ORDER BY "schema_migrations"."version" ASC[0m
  [1m[35m (13.3ms)[0m  [1m[35mCREATE DATABASE "backend_development" ENCODING = 'unicode'[0m
  [1m[35m (7.2ms)[0m  [1m[35mCREATE DATABASE "backend_test" ENCODING = 'unicode'[0m
  [1m[35m (0.1ms)[0m  [1m[34mSELECT pg_try_advisory_lock(5073945470573576205)[0m
  [1m[36mActiveRecord::SchemaMigration Load (0.5ms)[0m  [1m[34mSELECT "schema_migrations"."version" FROM "schema_migrations" ORDER BY "schema_migrations"."version" ASC[0m
  [1m[36mActiveRecord::InternalMetadata Load (0.5ms)[0m  [1m[34mSELECT * FROM "ar_internal_metadata" WHERE "ar_internal_metadata"."key" = $1 ORDER BY "ar_internal_metadata"."key" ASC LIMIT 1[0m  [[nil, "environment"]]
  [1m[35m (0.1ms)[0m  [1m[34mSELECT pg_advisory_unlock(5073945470573576205)[0m
  [1m[36mActiveRecord::SchemaMigration Load (0.1ms)[0m  [1m[34mSELECT "schema_migrations"."version" FROM "schema_migrations" ORDER BY "schema_migrations"."version" ASC[0m
  [1m[36mActiveRecord::SchemaMigration Load (0.1ms)[0m  [1m[34mSELECT "schema_migrations"."version" FROM "schema_migrations" ORDER BY "schema_migrations"."version" ASC[0m
DEPRECATION WARNING: Defining enums with keyword arguments is deprecated and will be removed
in Rails 8.0. Positional arguments should be used instead:

enum :role, {:guest=>0, :admin=>1}
 (called from <class:User> at /Users/moritatomoki/workspace/video_introduction_app/backend/app/models/user.rb:4)
  [1m[36mUser Load (0.4ms)[0m  [1m[34mSELECT "users".* FROM "users" WHERE "users"."email" = $1 LIMIT $2[0m  [["email", "[FILTERED]"], ["LIMIT", 1]]
  [1m[36mVideo Count (0.5ms)[0m  [1m[34mSELECT COUNT(*) FROM "videos" WHERE "videos"."user_id" = $1[0m  [["user_id", 1]]
  [1m[36mTRANSACTION (0.1ms)[0m  [1m[35mBEGIN[0m
  [1m[36mVideo Create (1.3ms)[0m  [1m[32mINSERT INTO "videos" ("title", "description", "video_url", "thumbnail_url", "user_id", "created_at", "updated_at") VALUES ($1, $2, $3, $4, $5, $6, $7) RETURNING "id"[0m  [["title", "Sample Video 1"], ["description", "This is a sample video description 1"], ["video_url", "https://www.w3schools.com/html/mov_bbb.mp4"], ["thumbnail_url", "https://github.com/minimamujiro/image_repo/blob/main/thumbnail01.jpg?raw=true"], ["user_id", 1], ["created_at", "2025-10-27 13:34:56.620539"], ["updated_at", "2025-10-27 13:34:56.620539"]]
  [1m[36mTRANSACTION (0.3ms)[0m  [1m[35mCOMMIT[0m
  [1m[36mTRANSACTION (0.1ms)[0m  [1m[35mBEGIN[0m
  [1m[36mVideo Create (0.9ms)[0m  [1m[32mINSERT INTO "videos" ("title", "description", "video_url", "thumbnail_url", "user_id", "created_at", "updated_at") VALUES ($1, $2, $3, $4, $5, $6, $7) RETURNING "id"[0m  [["title", "Sample Video 2"], ["description", "This is a sample video description 2"], ["video_url", "https://www.w3schools.com/html/mov_bbb.mp4"], ["thumbnail_url", "https://github.com/minimamujiro/image_repo/blob/main/thumbnail01.jpg?raw=true"], ["user_id", 1], ["created_at", "2025-10-27 13:34:56.623172"], ["updated_at", "2025-10-27 13:34:56.623172"]]
  [1m[36mTRANSACTION (0.1ms)[0m  [1m[35mCOMMIT[0m
  [1m[36mTRANSACTION (0.0ms)[0m  [1m[35mBEGIN[0m
  [1m[36mVideo Create (0.8ms)[0m  [1m[32mINSERT INTO "videos" ("title", "description", "video_url", "thumbnail_url", "user_id", "created_at", "updated_at") VALUES ($1, $2, $3, $4, $5, $6, $7) RETURNING "id"[0m  [["title", "Sample Video 3"], ["description", "This is a sample video description 3"], ["video_url", "https://www.w3schools.com/html/mov_bbb.mp4"], ["thumbnail_url", "https://github.com/minimamujiro/image_repo/blob/main/thumbnail01.jpg?raw=true"], ["user_id", 1], ["created_at", "2025-10-27 13:34:56.625343"], ["updated_at", "2025-10-27 13:34:56.625343"]]
  [1m[36mTRANSACTION (0.1ms)[0m  [1m[35mCOMMIT[0m
  [1m[36mTRANSACTION (0.1ms)[0m  [1m[35mBEGIN[0m
  [1m[36mVideo Create (0.6ms)[0m  [1m[32mINSERT INTO "videos" ("title", "description", "video_url", "thumbnail_url", "user_id", "created_at", "updated_at") VALUES ($1, $2, $3, $4, $5, $6, $7) RETURNING "id"[0m  [["title", "Sample Video 4"], ["description", "This is a sample video description 4"], ["video_url", "https://www.w3schools.com/html/mov_bbb.mp4"], ["thumbnail_url", "https://github.com/minimamujiro/image_repo/blob/main/thumbnail01.jpg?raw=true"], ["user_id", 1], ["created_at", "2025-10-27 13:34:56.627170"], ["updated_at", "2025-10-27 13:34:56.627170"]]
  [1m[36mTRANSACTION (0.1ms)[0m  [1m[35mCOMMIT[0m
  [1m[36mTRANSACTION (0.0ms)[0m  [1m[35mBEGIN[0m
  [1m[36mVideo Create (0.5ms)[0m  [1m[32mINSERT INTO "videos" ("title", "description", "video_url", "thumbnail_url", "user_id", "created_at", "updated_at") VALUES ($1, $2, $3, $4, $5, $6, $7) RETURNING "id"[0m  [["title", "Sample Video 5"], ["description", "This is a sample video description 5"], ["video_url", "https://www.w3schools.com/html/mov_bbb.mp4"], ["thumbnail_url", "https://github.com/minimamujiro/image_repo/blob/main/thumbnail01.jpg?raw=true"], ["user_id", 1], ["created_at", "2025-10-27 13:34:56.628813"], ["updated_at", "2025-10-27 13:34:56.628813"]]
  [1m[36mTRANSACTION (0.1ms)[0m  [1m[35mCOMMIT[0m
Started GET "/api/v1/videos" for ::1 at 2025-10-27 22:35:07 +0900
  [1m[36mActiveRecord::SchemaMigration Load (1.0ms)[0m  [1m[34mSELECT "schema_migrations"."version" FROM "schema_migrations" ORDER BY "schema_migrations"."version" ASC[0m
Processing by Api::V1::VideosController#index as */*
  Parameters: {"video"=>{}}
  [1m[36mVideo Load (1.0ms)[0m  [1m[34mSELECT "videos".* FROM "videos" ORDER BY "videos"."created_at" DESC[0m
  ↳ app/controllers/api/v1/videos_controller.rb:9:in `index'
DEPRECATION WARNING: Defining enums with keyword arguments is deprecated and will be removed
in Rails 8.0. Positional arguments should be used instead:

enum :role, {:guest=>0, :admin=>1}
 (called from <class:User> at /Users/moritatomoki/workspace/video_introduction_app/backend/app/models/user.rb:4)
  [1m[36mUser Load (0.3ms)[0m  [1m[34mSELECT "users".* FROM "users" WHERE "users"."id" = $1[0m  [["id", 1]]
  ↳ app/controllers/api/v1/videos_controller.rb:9:in `index'
Completed 200 OK in 19ms (Views: 0.1ms | ActiveRecord: 16.3ms (2 queries, 0 cached) | GC: 0.0ms)


